    0.00 [INFO]:general   C:\Jenkins\workspace\Windows-release\flightgear\src\Main\fg_init.cxx:554: Created multi-app mutex, we are in writeable mode
    0.00 [INFO]:general   C:\Jenkins\workspace\Windows-release\flightgear\src\Main\main.cxx:609: FlightGear:  Version 2020.3.19
    0.00 [INFO]:general   C:\Jenkins\workspace\Windows-release\flightgear\src\Main\main.cxx:610: FlightGear:  Build Type Release
    0.00 [INFO]:general   C:\Jenkins\workspace\Windows-release\flightgear\src\Main\main.cxx:611: Built with Microsoft Visual C++ version 1900
    0.00 [INFO]:general   C:\Jenkins\workspace\Windows-release\flightgear\src\Main\main.cxx:613: Jenkins number/ID 349:349
    0.00 [INFO]:general   C:\Jenkins\workspace\Windows-release\flightgear\src\Main\options.cxx:3036: platform default fg_root = Path "../data"
    0.00 [INFO]:input     C:\Jenkins\workspace\Windows-release\flightgear\src\Main\globals.cxx:849: Reading user settings from Path "C:/Users/לינוי/AppData/Roaming/flightgear.org/autosave_2020_3.xml"
    0.00 [INFO]:general   C:\Jenkins\workspace\Windows-release\flightgear\src\Main\fg_init.cxx:1510: init package root at:Path "C:/Users/לינוי/FlightGear/Downloads/Aircraft"
    0.00 [INFO]:input     C:\Jenkins\workspace\Windows-release\flightgear\src\Main\options.cxx:2276: aircraft = f16-block-52
    0.00 [INFO]:general   C:\Jenkins\workspace\Windows-release\flightgear\src\Main\fg_init.cxx:234: found aircraft in dir: c:/Users/לינוי/Documents/ער FORCE/07-05-2026/sivaks_logging_version/Aircraft/f16
    0.00 [ALRT]:input     C:\Jenkins\workspace\Windows-release\simgear\simgear\props\props_io.cxx:221: Not overwriting write-protected property /sim/version/compositor-support
 at c:/Users/לינוי/Documents/ער FORCE/07-05-2026/sivaks_logging_version/Aircraft/f16/f16-base.xml,
line 25, column 12
    0.00 [INFO]:aircraft  C:\Jenkins\workspace\Windows-release\flightgear\src\Aircraft\initialstate.cxx:94: Applying aircraft state:take-off
    0.00 [INFO]:general   C:\Jenkins\workspace\Windows-release\flightgear\src\Main\locale.cxx:127: User langauge 0:he-IL
    0.00 [INFO]:general   C:\Jenkins\workspace\Windows-release\flightgear\src\Main\locale.cxx:127: User langauge 1:en-US
    0.00 [INFO]:general   C:\Jenkins\workspace\Windows-release\flightgear\src\Main\locale.cxx:177: Found language resource for: en
    0.00 [INFO]:general   C:\Jenkins\workspace\Windows-release\flightgear\src\Main\locale.cxx:329: Reading localized strings for 'en' from Path "c:/Users/לינוי/Documents/ער FORCE/07-05-2026/data/Translations/default/sys.xml"
    0.00 [INFO]:general   C:\Jenkins\workspace\Windows-release\flightgear\src\Main\locale.cxx:329: Reading localized strings for 'en' from Path "c:/Users/לינוי/Documents/ער FORCE/07-05-2026/data/Translations/default/atc.xml"
    0.00 [INFO]:general   C:\Jenkins\workspace\Windows-release\flightgear\src\Main\locale.cxx:329: Reading localized strings for 'en' from Path "c:/Users/לינוי/Documents/ער FORCE/07-05-2026/data/Translations/default/tips.xml"
    0.00 [INFO]:general   C:\Jenkins\workspace\Windows-release\flightgear\src\Main\locale.cxx:329: Reading localized strings for 'en' from Path "c:/Users/לינוי/Documents/ער FORCE/07-05-2026/data/Translations/default/weather-scenarios.xml"
    0.00 [INFO]:general   C:\Jenkins\workspace\Windows-release\flightgear\src\Main\options.cxx:2617: 	option:fg-aircraft = c:\Users\לינוי\Documents\ער FORCE\07-05-2026\data\Aircraft;c:\Users\לינוי\Documents\ער FORCE\07-05-2026\sivaks_logging_version\Aircraft
    0.00 [INFO]:general   C:\Jenkins\workspace\Windows-release\flightgear\src\Main\options.cxx:2617: 	option:airport = PHTO
    0.00 [INFO]:general   C:\Jenkins\workspace\Windows-release\flightgear\src\Main\options.cxx:2617: 	option:aircraft-dir = c:\Users\לינוי\Documents\ער FORCE\07-05-2026\sivaks_logging_version\Aircraft\f16
    0.00 [INFO]:general   C:\Jenkins\workspace\Windows-release\flightgear\src\Main\options.cxx:2617: 	option:aircraft = f16-block-52
    0.00 [INFO]:general   C:\Jenkins\workspace\Windows-release\flightgear\src\Main\options.cxx:2617: 	option:log-level = info
    0.00 [INFO]:general   C:\Jenkins\workspace\Windows-release\flightgear\src\Main\options.cxx:2617: 	option:log-dir = c:\Users\לינוי\Documents\ער FORCE\07-05-2026\sivaks_logging_version\runs\session_20260509_202112
    0.00 [INFO]:general   C:\Jenkins\workspace\Windows-release\flightgear\src\Main\options.cxx:2617: 	option:disable-splash-screen = 
    0.00 [INFO]:general   C:\Jenkins\workspace\Windows-release\flightgear\src\Main\options.cxx:2617: 	option:prop = /sim/menubar/visibility=false
    0.00 [INFO]:general   C:\Jenkins\workspace\Windows-release\flightgear\src\Main\options.cxx:2617: 	option:disable-ai-traffic = 
    0.00 [INFO]:general   C:\Jenkins\workspace\Windows-release\flightgear\src\Main\options.cxx:2617: 	option:fg-scenery = c:\Users\לינוי\Documents\ער FORCE\07-05-2026\data\Scenery
    0.00 [INFO]:general   C:\Jenkins\workspace\Windows-release\flightgear\src\Main\options.cxx:2617: 	option:prop = /nasal/local_weather/enabled=false
    0.00 [INFO]:general   C:\Jenkins\workspace\Windows-release\flightgear\src\Main\options.cxx:2617: 	option:metar = XXXX 012345Z 15003KT 19SM FEW072 FEW350 25/07 Q1028 NOSIG
    0.00 [INFO]:general   C:\Jenkins\workspace\Windows-release\flightgear\src\Main\options.cxx:2617: 	option:prop = /environment/weather-scenario=Core high pressure region
    0.00 [INFO]:general   C:\Jenkins\workspace\Windows-release\flightgear\src\Main\options.cxx:2617: 	option:prop = /sim/rendering/texture-cache/cache-enabled=true
    0.00 [INFO]:general   C:\Jenkins\workspace\Windows-release\flightgear\src\Main\options.cxx:2617: 	option:disable-terrasync = 
    0.00 [INFO]:general   C:\Jenkins\workspace\Windows-release\flightgear\src\Main\options.cxx:2617: 	option:disable-sentry = 
    0.00 [INFO]:general   C:\Jenkins\workspace\Windows-release\flightgear\src\Main\options.cxx:2617: 	option:state = take-off
    0.00 [INFO]:general   C:\Jenkins\workspace\Windows-release\flightgear\src\Main\options.cxx:2617: 	option:prop = /sim/sivaks/autostart-tutorial-enabled=true
    0.01 [INFO]:general   C:\Jenkins\workspace\Windows-release\flightgear\src\Main\options.cxx:2617: 	option:prop = /sim/sivaks/autostart-tutorial=CorrActions DEFAULT
    0.01 [INFO]:general   C:\Jenkins\workspace\Windows-release\flightgear\src\Main\options.cxx:2626: Reading command-line property file Path "c:/Users/לינוי/Documents/ער FORCE/07-05-2026/sivaks_logging_version/runs/session_20260509_202112/sivaks_logging_20260509_202112.xml"
    0.02 [INFO]:general   C:\Jenkins\workspace\Windows-release\flightgear\src\Main\options.cxx:2641: Using default download dir: Path "C:/Users/לינוי/FlightGear/Downloads"
    0.02 [INFO]:general   C:\Jenkins\workspace\Windows-release\flightgear\src\Main\options.cxx:2664: Using default texture cache directory: Path "C:/Users/לינוי/FlightGear/Downloads/TextureCache"
    0.02 [INFO]:general   C:\Jenkins\workspace\Windows-release\flightgear\src\Main\options.cxx:2687: Using TerraSync dir: Path "C:/Users/לינוי/FlightGear/Downloads/TerraSync"
    0.02 [INFO]:general   C:\Jenkins\workspace\Windows-release\flightgear\src\Main\main.cxx:716: EmbeddedResourceManager: selected locale 'he-IL'
    0.02 [INFO]:opengl    C:\Jenkins\workspace\Windows-release\flightgear\src\Viewer\fg_os_osgviewer.cxx:373: Using stock OSG implementation of GraphicsWindow
    0.02 [INFO]:astro     C:\Jenkins\workspace\Windows-release\simgear\simgear\scene\sky\cloud.cxx:343: initializing cloud layers
    0.23 [WARN]:general   C:\Jenkins\workspace\Windows-release\flightgear\src\Main\main.cxx:755: Enabling ATI/AMD viewport hack
    0.23 [INFO]:general   C:\Jenkins\workspace\Windows-release\flightgear\src\Main\fg_init.cxx:959: Configuration State
    0.23 [INFO]:general   C:\Jenkins\workspace\Windows-release\flightgear\src\Main\fg_init.cxx:960: ============= =====
    0.23 [INFO]:general   C:\Jenkins\workspace\Windows-release\flightgear\src\Main\fg_init.cxx:962: aircraft-dir = "c:/Users/לינוי/Documents/ער FORCE/07-05-2026/sivaks_logging_version/Aircraft/f16"
    0.23 [INFO]:general   C:\Jenkins\workspace\Windows-release\flightgear\src\Main\fg_init.cxx:963: fghome-dir = "Path "C:/Users/לינוי/AppData/Roaming/flightgear.org""
    0.23 [INFO]:general   C:\Jenkins\workspace\Windows-release\flightgear\src\Main\fg_init.cxx:964: download-dir = "C:/Users/לינוי/FlightGear/Downloads"
    0.23 [INFO]:general   C:\Jenkins\workspace\Windows-release\flightgear\src\Main\fg_init.cxx:965: terrasync-dir = "C:/Users/לינוי/FlightGear/Downloads/TerraSync"
    0.23 [INFO]:general   C:\Jenkins\workspace\Windows-release\flightgear\src\Main\fg_init.cxx:967: aircraft-search-paths = 
	c:/Users/לינוי/Documents/ער FORCE/07-05-2026/data/Aircraft
	c:/Users/לינוי/Documents/ער FORCE/07-05-2026/sivaks_logging_version/Aircraft
    0.23 [INFO]:general   C:\Jenkins\workspace\Windows-release\flightgear\src\Main\fg_init.cxx:968: scenery-search-paths = 
	c:/Users/לינוי/Documents/ער FORCE/07-05-2026/data/Scenery
	C:/Users/לינוי/FlightGear/Downloads/TerraSync
    0.27 [INFO]:view      C:\Jenkins\workspace\Windows-release\flightgear\src\Viewer\renderer_legacy.cxx:1592: FGRenderer:: Maximum texture size 16384
    0.28 [INFO]:general   C:\Jenkins\workspace\Windows-release\flightgear\src\GUI\gui.cxx:127: Intel
    0.28 [INFO]:general   C:\Jenkins\workspace\Windows-release\flightgear\src\GUI\gui.cxx:130: Intel(R) Iris(R) Xe Graphics
    0.28 [INFO]:general   C:\Jenkins\workspace\Windows-release\flightgear\src\GUI\gui.cxx:133: 4.6.0 - Build 32.0.101.7077
    0.28 [INFO]:general   C:\Jenkins\workspace\Windows-release\flightgear\src\GUI\gui.cxx:143: 4.60 - Build 32.0.101.7077
    0.28 [INFO]:general   C:\Jenkins\workspace\Windows-release\flightgear\src\GUI\gui.cxx:154: VertexAttribDivisor supported
    0.81 [INFO]:view      C:\Jenkins\workspace\Windows-release\flightgear\src\Viewer\splash.cxx:760: Splash screen progress loading-aircraft-list
    0.82 [INFO]:view      C:\Jenkins\workspace\Windows-release\flightgear\src\Viewer\splash.cxx:760: Splash screen progress loading-nav-dat
    0.84 [INFO]:navaid    C:\Jenkins\workspace\Windows-release\flightgear\src\Navaids\NavDataCache.cxx:299: NavCache at:Path "C:/Users/לינוי/AppData/Roaming/flightgear.org/navdata_2020_3.cache"
    0.84 [INFO]:navaid    C:\Jenkins\workspace\Windows-release\flightgear\src\Navaids\NavDataCache.cxx:302: NavCache read-only flags is:0
    0.85 [WARN]:navaid    C:\Jenkins\workspace\Windows-release\flightgear\src\Navaids\NavDataCache.cxx:1808: readStringProperty: unknown:apt.dat files
    0.85 [WARN]:navaid    C:\Jenkins\workspace\Windows-release\flightgear\src\Navaids\NavDataCache.cxx:1214: NavCache: rebuild required for apt.dat files (no file in cache, but 2 such files found in scenery paths)
    0.85 [INFO]:navaid    C:\Jenkins\workspace\Windows-release\flightgear\src\Navaids\NavDataCache.cxx:1455: NavCache: main cache rebuild required
    0.85 [INFO]:navaid    C:\Jenkins\workspace\Windows-release\flightgear\src\Navaids\NavDataCache.cxx:299: NavCache at:Path "C:/Users/לינוי/AppData/Roaming/flightgear.org/navdata_2020_3.cache"
    0.85 [INFO]:navaid    C:\Jenkins\workspace\Windows-release\flightgear\src\Navaids\NavDataCache.cxx:302: NavCache read-only flags is:0
    0.85 [INFO]:navaid    C:\Jenkins\workspace\Windows-release\flightgear\src\Navaids\NavDataCache.cxx:338: will create tables
    0.94 [INFO]:general   C:\Jenkins\workspace\Windows-release\flightgear\src\Navaids\NavDataCache.cxx:1662: Loading apt.dat file: 'c:/Users/לינוי/Documents/ער FORCE/07-05-2026/data/Scenery/NavData/apt/BIKF.dat'
    0.94 [INFO]:general   C:\Jenkins\workspace\Windows-release\flightgear\src\Airports\apt_loader.cxx:146: apt.dat format version (c:/Users/לינוי/Documents/ער FORCE/07-05-2026/data/Scenery/NavData/apt/BIKF.dat): 1000
    0.95 [INFO]:general   C:\Jenkins\workspace\Windows-release\flightgear\src\Navaids\NavDataCache.cxx:1662: Loading apt.dat file: 'c:/Users/לינוי/Documents/ער FORCE/07-05-2026/data/Airports/apt.dat.gz'
    0.96 [INFO]:general   C:\Jenkins\workspace\Windows-release\flightgear\src\Airports\apt_loader.cxx:146: apt.dat format version (c:/Users/לינוי/Documents/ער FORCE/07-05-2026/data/Airports/apt.dat.gz): 1000
    0.97 [INFO]:view      C:\Jenkins\workspace\Windows-release\flightgear\src\Viewer\splash.cxx:760: Splash screen progress navdata-reading-apt-dat-files
    1.84 [INFO]:general   C:\Jenkins\workspace\Windows-release\flightgear\src\Airports\apt_loader.cxx:194: c:/Users/לינוי/Documents/ער FORCE/07-05-2026/data/Airports/apt.dat.gz:1093393: skipping airport BIKF (already defined earlier)
